[ 2017-06-10T16:09:41+08:00 ] 127.0.0.1 /station/index.php/Home/customer/add_purchaser_member
INFO: [ app_begin ] --START--
INFO: Run Behavior\ReadHtmlCacheBehavior [ RunTime:0.000820s ]
INFO: [ app_begin ] --END-- [ RunTime:0.002063s ]
NOTIC: [8] Undefined index: user_id D:\phpStudy\WWW\station\Application\Home\Controller\CustomerController.class.php 第 32 行.
SQL: SELECT   column_name,   data_type,   column_default,   is_nullable
        FROM    information_schema.tables AS t
        JOIN    information_schema.columns AS c
        ON  t.table_catalog = c.table_catalog
        AND t.table_schema  = c.table_schema
        AND t.table_name    = c.table_name
        WHERE   t.table_name = 'ts_customerpurchasermember' [ RunTime:0.0010s ]
SQL: SELECT T1.* FROM (SELECT thinkphp.*, ROW_NUMBER() OVER ( ORDER BY rand()) AS ROW_NUMBER FROM (SELECT  COUNT(*) AS tp_count FROM [ts_customerpurchasermember] WHERE [cpm_Card] = '1111' ) AS thinkphp) AS T1 WHERE (T1.ROW_NUMBER BETWEEN 1 AND 1) [ RunTime:0.0349s ]
ERR: 515:[Microsoft][SQL Server Native Client 11.0][SQL Server]不能将值 NULL 插入列 'cpm_CustomerID'，表 '1000da.dbo.ts_CustomerPurchaserMember'；列不允许有 Null 值。INSERT 失败。
 [ SQL语句 ] : INSERT INTO [ts_customerpurchasermember] ([cpm_CustomerID],[cpm_PurchaserName],[cpm_CardType],[cpm_Card],[cpm_Tel]) VALUES (NULL,'11111','0','1111','1111')
ERR: 515:[Microsoft][SQL Server Native Client 11.0][SQL Server]不能将值 NULL 插入列 'cpm_CustomerID'，表 '1000da.dbo.ts_CustomerPurchaserMember'；列不允许有 Null 值。INSERT 失败。
 [ SQL语句 ] : INSERT INTO [ts_customerpurchasermember] ([cpm_CustomerID],[cpm_PurchaserName],[cpm_CardType],[cpm_Card],[cpm_Tel]) VALUES (NULL,'11111','0','1111','1111')

[ 2017-06-10T16:09:43+08:00 ] 127.0.0.1 /station/index.php/Home/customer/add_purchaser_member
INFO: [ app_begin ] --START--
INFO: Run Behavior\ReadHtmlCacheBehavior [ RunTime:0.001295s ]
INFO: [ app_begin ] --END-- [ RunTime:0.003421s ]
NOTIC: [8] Undefined index: user_id D:\phpStudy\WWW\station\Application\Home\Controller\CustomerController.class.php 第 32 行.
SQL: SELECT   column_name,   data_type,   column_default,   is_nullable
        FROM    information_schema.tables AS t
        JOIN    information_schema.columns AS c
        ON  t.table_catalog = c.table_catalog
        AND t.table_schema  = c.table_schema
        AND t.table_name    = c.table_name
        WHERE   t.table_name = 'ts_customerpurchasermember' [ RunTime:0.0009s ]
SQL: SELECT T1.* FROM (SELECT thinkphp.*, ROW_NUMBER() OVER ( ORDER BY rand()) AS ROW_NUMBER FROM (SELECT  COUNT(*) AS tp_count FROM [ts_customerpurchasermember] WHERE [cpm_Card] = '1111' ) AS thinkphp) AS T1 WHERE (T1.ROW_NUMBER BETWEEN 1 AND 1) [ RunTime:0.0004s ]
ERR: 515:[Microsoft][SQL Server Native Client 11.0][SQL Server]不能将值 NULL 插入列 'cpm_CustomerID'，表 '1000da.dbo.ts_CustomerPurchaserMember'；列不允许有 Null 值。INSERT 失败。
 [ SQL语句 ] : INSERT INTO [ts_customerpurchasermember] ([cpm_CustomerID],[cpm_PurchaserName],[cpm_CardType],[cpm_Card],[cpm_Tel]) VALUES (NULL,'11111','0','1111','1111')
ERR: 515:[Microsoft][SQL Server Native Client 11.0][SQL Server]不能将值 NULL 插入列 'cpm_CustomerID'，表 '1000da.dbo.ts_CustomerPurchaserMember'；列不允许有 Null 值。INSERT 失败。
 [ SQL语句 ] : INSERT INTO [ts_customerpurchasermember] ([cpm_CustomerID],[cpm_PurchaserName],[cpm_CardType],[cpm_Card],[cpm_Tel]) VALUES (NULL,'11111','0','1111','1111')

[ 2017-06-10T16:09:43+08:00 ] 127.0.0.1 /station/index.php/Home/customer/add_purchaser_member
INFO: [ app_begin ] --START--
INFO: Run Behavior\ReadHtmlCacheBehavior [ RunTime:0.000897s ]
INFO: [ app_begin ] --END-- [ RunTime:0.002472s ]
NOTIC: [8] Undefined index: user_id D:\phpStudy\WWW\station\Application\Home\Controller\CustomerController.class.php 第 32 行.
SQL: SELECT   column_name,   data_type,   column_default,   is_nullable
        FROM    information_schema.tables AS t
        JOIN    information_schema.columns AS c
        ON  t.table_catalog = c.table_catalog
        AND t.table_schema  = c.table_schema
        AND t.table_name    = c.table_name
        WHERE   t.table_name = 'ts_customerpurchasermember' [ RunTime:0.0014s ]
SQL: SELECT T1.* FROM (SELECT thinkphp.*, ROW_NUMBER() OVER ( ORDER BY rand()) AS ROW_NUMBER FROM (SELECT  COUNT(*) AS tp_count FROM [ts_customerpurchasermember] WHERE [cpm_Card] = '1111' ) AS thinkphp) AS T1 WHERE (T1.ROW_NUMBER BETWEEN 1 AND 1) [ RunTime:0.0004s ]
ERR: 515:[Microsoft][SQL Server Native Client 11.0][SQL Server]不能将值 NULL 插入列 'cpm_CustomerID'，表 '1000da.dbo.ts_CustomerPurchaserMember'；列不允许有 Null 值。INSERT 失败。
 [ SQL语句 ] : INSERT INTO [ts_customerpurchasermember] ([cpm_CustomerID],[cpm_PurchaserName],[cpm_CardType],[cpm_Card],[cpm_Tel]) VALUES (NULL,'11111','0','1111','1111')
ERR: 515:[Microsoft][SQL Server Native Client 11.0][SQL Server]不能将值 NULL 插入列 'cpm_CustomerID'，表 '1000da.dbo.ts_CustomerPurchaserMember'；列不允许有 Null 值。INSERT 失败。
 [ SQL语句 ] : INSERT INTO [ts_customerpurchasermember] ([cpm_CustomerID],[cpm_PurchaserName],[cpm_CardType],[cpm_Card],[cpm_Tel]) VALUES (NULL,'11111','0','1111','1111')

[ 2017-06-10T16:09:43+08:00 ] 127.0.0.1 /station/index.php/Home/customer/add_purchaser_member
INFO: [ app_begin ] --START--
INFO: Run Behavior\ReadHtmlCacheBehavior [ RunTime:0.000776s ]
INFO: [ app_begin ] --END-- [ RunTime:0.002001s ]
NOTIC: [8] Undefined index: user_id D:\phpStudy\WWW\station\Application\Home\Controller\CustomerController.class.php 第 32 行.
SQL: SELECT   column_name,   data_type,   column_default,   is_nullable
        FROM    information_schema.tables AS t
        JOIN    information_schema.columns AS c
        ON  t.table_catalog = c.table_catalog
        AND t.table_schema  = c.table_schema
        AND t.table_name    = c.table_name
        WHERE   t.table_name = 'ts_customerpurchasermember' [ RunTime:0.0008s ]
SQL: SELECT T1.* FROM (SELECT thinkphp.*, ROW_NUMBER() OVER ( ORDER BY rand()) AS ROW_NUMBER FROM (SELECT  COUNT(*) AS tp_count FROM [ts_customerpurchasermember] WHERE [cpm_Card] = '1111' ) AS thinkphp) AS T1 WHERE (T1.ROW_NUMBER BETWEEN 1 AND 1) [ RunTime:0.0004s ]
ERR: 515:[Microsoft][SQL Server Native Client 11.0][SQL Server]不能将值 NULL 插入列 'cpm_CustomerID'，表 '1000da.dbo.ts_CustomerPurchaserMember'；列不允许有 Null 值。INSERT 失败。
 [ SQL语句 ] : INSERT INTO [ts_customerpurchasermember] ([cpm_CustomerID],[cpm_PurchaserName],[cpm_CardType],[cpm_Card],[cpm_Tel]) VALUES (NULL,'11111','0','1111','1111')
ERR: 515:[Microsoft][SQL Server Native Client 11.0][SQL Server]不能将值 NULL 插入列 'cpm_CustomerID'，表 '1000da.dbo.ts_CustomerPurchaserMember'；列不允许有 Null 值。INSERT 失败。
 [ SQL语句 ] : INSERT INTO [ts_customerpurchasermember] ([cpm_CustomerID],[cpm_PurchaserName],[cpm_CardType],[cpm_Card],[cpm_Tel]) VALUES (NULL,'11111','0','1111','1111')

[ 2017-06-10T16:09:44+08:00 ] 127.0.0.1 /station/index.php/Home/customer/add_purchaser_member
INFO: [ app_begin ] --START--
INFO: Run Behavior\ReadHtmlCacheBehavior [ RunTime:0.000757s ]
INFO: [ app_begin ] --END-- [ RunTime:0.001875s ]
NOTIC: [8] Undefined index: user_id D:\phpStudy\WWW\station\Application\Home\Controller\CustomerController.class.php 第 32 行.
SQL: SELECT   column_name,   data_type,   column_default,   is_nullable
        FROM    information_schema.tables AS t
        JOIN    information_schema.columns AS c
        ON  t.table_catalog = c.table_catalog
        AND t.table_schema  = c.table_schema
        AND t.table_name    = c.table_name
        WHERE   t.table_name = 'ts_customerpurchasermember' [ RunTime:0.0008s ]
SQL: SELECT T1.* FROM (SELECT thinkphp.*, ROW_NUMBER() OVER ( ORDER BY rand()) AS ROW_NUMBER FROM (SELECT  COUNT(*) AS tp_count FROM [ts_customerpurchasermember] WHERE [cpm_Card] = '1111' ) AS thinkphp) AS T1 WHERE (T1.ROW_NUMBER BETWEEN 1 AND 1) [ RunTime:0.0005s ]
ERR: 515:[Microsoft][SQL Server Native Client 11.0][SQL Server]不能将值 NULL 插入列 'cpm_CustomerID'，表 '1000da.dbo.ts_CustomerPurchaserMember'；列不允许有 Null 值。INSERT 失败。
 [ SQL语句 ] : INSERT INTO [ts_customerpurchasermember] ([cpm_CustomerID],[cpm_PurchaserName],[cpm_CardType],[cpm_Card],[cpm_Tel]) VALUES (NULL,'11111','0','1111','1111')
ERR: 515:[Microsoft][SQL Server Native Client 11.0][SQL Server]不能将值 NULL 插入列 'cpm_CustomerID'，表 '1000da.dbo.ts_CustomerPurchaserMember'；列不允许有 Null 值。INSERT 失败。
 [ SQL语句 ] : INSERT INTO [ts_customerpurchasermember] ([cpm_CustomerID],[cpm_PurchaserName],[cpm_CardType],[cpm_Card],[cpm_Tel]) VALUES (NULL,'11111','0','1111','1111')

[ 2017-06-10T16:09:44+08:00 ] 127.0.0.1 /station/index.php/Home/customer/add_purchaser_member
INFO: [ app_begin ] --START--
INFO: Run Behavior\ReadHtmlCacheBehavior [ RunTime:0.001093s ]
INFO: [ app_begin ] --END-- [ RunTime:0.002603s ]
NOTIC: [8] Undefined index: user_id D:\phpStudy\WWW\station\Application\Home\Controller\CustomerController.class.php 第 32 行.
SQL: SELECT   column_name,   data_type,   column_default,   is_nullable
        FROM    information_schema.tables AS t
        JOIN    information_schema.columns AS c
        ON  t.table_catalog = c.table_catalog
        AND t.table_schema  = c.table_schema
        AND t.table_name    = c.table_name
        WHERE   t.table_name = 'ts_customerpurchasermember' [ RunTime:0.0008s ]
SQL: SELECT T1.* FROM (SELECT thinkphp.*, ROW_NUMBER() OVER ( ORDER BY rand()) AS ROW_NUMBER FROM (SELECT  COUNT(*) AS tp_count FROM [ts_customerpurchasermember] WHERE [cpm_Card] = '1111' ) AS thinkphp) AS T1 WHERE (T1.ROW_NUMBER BETWEEN 1 AND 1) [ RunTime:0.0005s ]
ERR: 515:[Microsoft][SQL Server Native Client 11.0][SQL Server]不能将值 NULL 插入列 'cpm_CustomerID'，表 '1000da.dbo.ts_CustomerPurchaserMember'；列不允许有 Null 值。INSERT 失败。
 [ SQL语句 ] : INSERT INTO [ts_customerpurchasermember] ([cpm_CustomerID],[cpm_PurchaserName],[cpm_CardType],[cpm_Card],[cpm_Tel]) VALUES (NULL,'11111','0','1111','1111')
ERR: 515:[Microsoft][SQL Server Native Client 11.0][SQL Server]不能将值 NULL 插入列 'cpm_CustomerID'，表 '1000da.dbo.ts_CustomerPurchaserMember'；列不允许有 Null 值。INSERT 失败。
 [ SQL语句 ] : INSERT INTO [ts_customerpurchasermember] ([cpm_CustomerID],[cpm_PurchaserName],[cpm_CardType],[cpm_Card],[cpm_Tel]) VALUES (NULL,'11111','0','1111','1111')

[ 2017-06-10T16:09:44+08:00 ] 127.0.0.1 /station/index.php/Home/customer/add_purchaser_member
INFO: [ app_begin ] --START--
INFO: Run Behavior\ReadHtmlCacheBehavior [ RunTime:0.000946s ]
INFO: [ app_begin ] --END-- [ RunTime:0.002729s ]
NOTIC: [8] Undefined index: user_id D:\phpStudy\WWW\station\Application\Home\Controller\CustomerController.class.php 第 32 行.
SQL: SELECT   column_name,   data_type,   column_default,   is_nullable
        FROM    information_schema.tables AS t
        JOIN    information_schema.columns AS c
        ON  t.table_catalog = c.table_catalog
        AND t.table_schema  = c.table_schema
        AND t.table_name    = c.table_name
        WHERE   t.table_name = 'ts_customerpurchasermember' [ RunTime:0.0010s ]
SQL: SELECT T1.* FROM (SELECT thinkphp.*, ROW_NUMBER() OVER ( ORDER BY rand()) AS ROW_NUMBER FROM (SELECT  COUNT(*) AS tp_count FROM [ts_customerpurchasermember] WHERE [cpm_Card] = '1111' ) AS thinkphp) AS T1 WHERE (T1.ROW_NUMBER BETWEEN 1 AND 1) [ RunTime:0.0004s ]
ERR: 515:[Microsoft][SQL Server Native Client 11.0][SQL Server]不能将值 NULL 插入列 'cpm_CustomerID'，表 '1000da.dbo.ts_CustomerPurchaserMember'；列不允许有 Null 值。INSERT 失败。
 [ SQL语句 ] : INSERT INTO [ts_customerpurchasermember] ([cpm_CustomerID],[cpm_PurchaserName],[cpm_CardType],[cpm_Card],[cpm_Tel]) VALUES (NULL,'11111','0','1111','1111')
ERR: 515:[Microsoft][SQL Server Native Client 11.0][SQL Server]不能将值 NULL 插入列 'cpm_CustomerID'，表 '1000da.dbo.ts_CustomerPurchaserMember'；列不允许有 Null 值。INSERT 失败。
 [ SQL语句 ] : INSERT INTO [ts_customerpurchasermember] ([cpm_CustomerID],[cpm_PurchaserName],[cpm_CardType],[cpm_Card],[cpm_Tel]) VALUES (NULL,'11111','0','1111','1111')

[ 2017-06-10T16:09:44+08:00 ] 127.0.0.1 /station/index.php/Home/customer/add_purchaser_member
INFO: [ app_begin ] --START--
INFO: Run Behavior\ReadHtmlCacheBehavior [ RunTime:0.000788s ]
INFO: [ app_begin ] --END-- [ RunTime:0.002007s ]
NOTIC: [8] Undefined index: user_id D:\phpStudy\WWW\station\Application\Home\Controller\CustomerController.class.php 第 32 行.
SQL: SELECT   column_name,   data_type,   column_default,   is_nullable
        FROM    information_schema.tables AS t
        JOIN    information_schema.columns AS c
        ON  t.table_catalog = c.table_catalog
        AND t.table_schema  = c.table_schema
        AND t.table_name    = c.table_name
        WHERE   t.table_name = 'ts_customerpurchasermember' [ RunTime:0.0008s ]
SQL: SELECT T1.* FROM (SELECT thinkphp.*, ROW_NUMBER() OVER ( ORDER BY rand()) AS ROW_NUMBER FROM (SELECT  COUNT(*) AS tp_count FROM [ts_customerpurchasermember] WHERE [cpm_Card] = '1111' ) AS thinkphp) AS T1 WHERE (T1.ROW_NUMBER BETWEEN 1 AND 1) [ RunTime:0.0004s ]
ERR: 515:[Microsoft][SQL Server Native Client 11.0][SQL Server]不能将值 NULL 插入列 'cpm_CustomerID'，表 '1000da.dbo.ts_CustomerPurchaserMember'；列不允许有 Null 值。INSERT 失败。
 [ SQL语句 ] : INSERT INTO [ts_customerpurchasermember] ([cpm_CustomerID],[cpm_PurchaserName],[cpm_CardType],[cpm_Card],[cpm_Tel]) VALUES (NULL,'11111','0','1111','1111')
ERR: 515:[Microsoft][SQL Server Native Client 11.0][SQL Server]不能将值 NULL 插入列 'cpm_CustomerID'，表 '1000da.dbo.ts_CustomerPurchaserMember'；列不允许有 Null 值。INSERT 失败。
 [ SQL语句 ] : INSERT INTO [ts_customerpurchasermember] ([cpm_CustomerID],[cpm_PurchaserName],[cpm_CardType],[cpm_Card],[cpm_Tel]) VALUES (NULL,'11111','0','1111','1111')

[ 2017-06-10T16:09:44+08:00 ] 127.0.0.1 /station/index.php/Home/customer/add_purchaser_member
INFO: [ app_begin ] --START--
INFO: Run Behavior\ReadHtmlCacheBehavior [ RunTime:0.000759s ]
INFO: [ app_begin ] --END-- [ RunTime:0.001898s ]
NOTIC: [8] Undefined index: user_id D:\phpStudy\WWW\station\Application\Home\Controller\CustomerController.class.php 第 32 行.
SQL: SELECT   column_name,   data_type,   column_default,   is_nullable
        FROM    information_schema.tables AS t
        JOIN    information_schema.columns AS c
        ON  t.table_catalog = c.table_catalog
        AND t.table_schema  = c.table_schema
        AND t.table_name    = c.table_name
        WHERE   t.table_name = 'ts_customerpurchasermember' [ RunTime:0.0011s ]
SQL: SELECT T1.* FROM (SELECT thinkphp.*, ROW_NUMBER() OVER ( ORDER BY rand()) AS ROW_NUMBER FROM (SELECT  COUNT(*) AS tp_count FROM [ts_customerpurchasermember] WHERE [cpm_Card] = '1111' ) AS thinkphp) AS T1 WHERE (T1.ROW_NUMBER BETWEEN 1 AND 1) [ RunTime:0.0006s ]
ERR: 515:[Microsoft][SQL Server Native Client 11.0][SQL Server]不能将值 NULL 插入列 'cpm_CustomerID'，表 '1000da.dbo.ts_CustomerPurchaserMember'；列不允许有 Null 值。INSERT 失败。
 [ SQL语句 ] : INSERT INTO [ts_customerpurchasermember] ([cpm_CustomerID],[cpm_PurchaserName],[cpm_CardType],[cpm_Card],[cpm_Tel]) VALUES (NULL,'11111','0','1111','1111')
ERR: 515:[Microsoft][SQL Server Native Client 11.0][SQL Server]不能将值 NULL 插入列 'cpm_CustomerID'，表 '1000da.dbo.ts_CustomerPurchaserMember'；列不允许有 Null 值。INSERT 失败。
 [ SQL语句 ] : INSERT INTO [ts_customerpurchasermember] ([cpm_CustomerID],[cpm_PurchaserName],[cpm_CardType],[cpm_Card],[cpm_Tel]) VALUES (NULL,'11111','0','1111','1111')

[ 2017-06-10T16:09:44+08:00 ] 127.0.0.1 /station/index.php/Home/customer/add_purchaser_member
INFO: [ app_begin ] --START--
INFO: Run Behavior\ReadHtmlCacheBehavior [ RunTime:0.000853s ]
INFO: [ app_begin ] --END-- [ RunTime:0.002008s ]
NOTIC: [8] Undefined index: user_id D:\phpStudy\WWW\station\Application\Home\Controller\CustomerController.class.php 第 32 行.
SQL: SELECT   column_name,   data_type,   column_default,   is_nullable
        FROM    information_schema.tables AS t
        JOIN    information_schema.columns AS c
        ON  t.table_catalog = c.table_catalog
        AND t.table_schema  = c.table_schema
        AND t.table_name    = c.table_name
        WHERE   t.table_name = 'ts_customerpurchasermember' [ RunTime:0.0008s ]
SQL: SELECT T1.* FROM (SELECT thinkphp.*, ROW_NUMBER() OVER ( ORDER BY rand()) AS ROW_NUMBER FROM (SELECT  COUNT(*) AS tp_count FROM [ts_customerpurchasermember] WHERE [cpm_Card] = '1111' ) AS thinkphp) AS T1 WHERE (T1.ROW_NUMBER BETWEEN 1 AND 1) [ RunTime:0.0005s ]
ERR: 515:[Microsoft][SQL Server Native Client 11.0][SQL Server]不能将值 NULL 插入列 'cpm_CustomerID'，表 '1000da.dbo.ts_CustomerPurchaserMember'；列不允许有 Null 值。INSERT 失败。
 [ SQL语句 ] : INSERT INTO [ts_customerpurchasermember] ([cpm_CustomerID],[cpm_PurchaserName],[cpm_CardType],[cpm_Card],[cpm_Tel]) VALUES (NULL,'11111','0','1111','1111')
ERR: 515:[Microsoft][SQL Server Native Client 11.0][SQL Server]不能将值 NULL 插入列 'cpm_CustomerID'，表 '1000da.dbo.ts_CustomerPurchaserMember'；列不允许有 Null 值。INSERT 失败。
 [ SQL语句 ] : INSERT INTO [ts_customerpurchasermember] ([cpm_CustomerID],[cpm_PurchaserName],[cpm_CardType],[cpm_Card],[cpm_Tel]) VALUES (NULL,'11111','0','1111','1111')

[ 2017-06-10T16:09:45+08:00 ] 127.0.0.1 /station/index.php/Home/customer/add_purchaser_member
INFO: [ app_begin ] --START--
INFO: Run Behavior\ReadHtmlCacheBehavior [ RunTime:0.000822s ]
INFO: [ app_begin ] --END-- [ RunTime:0.002190s ]
NOTIC: [8] Undefined index: user_id D:\phpStudy\WWW\station\Application\Home\Controller\CustomerController.class.php 第 32 行.
SQL: SELECT   column_name,   data_type,   column_default,   is_nullable
        FROM    information_schema.tables AS t
        JOIN    information_schema.columns AS c
        ON  t.table_catalog = c.table_catalog
        AND t.table_schema  = c.table_schema
        AND t.table_name    = c.table_name
        WHERE   t.table_name = 'ts_customerpurchasermember' [ RunTime:0.0009s ]
SQL: SELECT T1.* FROM (SELECT thinkphp.*, ROW_NUMBER() OVER ( ORDER BY rand()) AS ROW_NUMBER FROM (SELECT  COUNT(*) AS tp_count FROM [ts_customerpurchasermember] WHERE [cpm_Card] = '1111' ) AS thinkphp) AS T1 WHERE (T1.ROW_NUMBER BETWEEN 1 AND 1) [ RunTime:0.0004s ]
ERR: 515:[Microsoft][SQL Server Native Client 11.0][SQL Server]不能将值 NULL 插入列 'cpm_CustomerID'，表 '1000da.dbo.ts_CustomerPurchaserMember'；列不允许有 Null 值。INSERT 失败。
 [ SQL语句 ] : INSERT INTO [ts_customerpurchasermember] ([cpm_CustomerID],[cpm_PurchaserName],[cpm_CardType],[cpm_Card],[cpm_Tel]) VALUES (NULL,'11111','0','1111','1111')
ERR: 515:[Microsoft][SQL Server Native Client 11.0][SQL Server]不能将值 NULL 插入列 'cpm_CustomerID'，表 '1000da.dbo.ts_CustomerPurchaserMember'；列不允许有 Null 值。INSERT 失败。
 [ SQL语句 ] : INSERT INTO [ts_customerpurchasermember] ([cpm_CustomerID],[cpm_PurchaserName],[cpm_CardType],[cpm_Card],[cpm_Tel]) VALUES (NULL,'11111','0','1111','1111')

[ 2017-06-10T16:09:45+08:00 ] 127.0.0.1 /station/index.php/Home/customer/add_purchaser_member
INFO: [ app_begin ] --START--
INFO: Run Behavior\ReadHtmlCacheBehavior [ RunTime:0.000770s ]
INFO: [ app_begin ] --END-- [ RunTime:0.001964s ]
NOTIC: [8] Undefined index: user_id D:\phpStudy\WWW\station\Application\Home\Controller\CustomerController.class.php 第 32 行.
SQL: SELECT   column_name,   data_type,   column_default,   is_nullable
        FROM    information_schema.tables AS t
        JOIN    information_schema.columns AS c
        ON  t.table_catalog = c.table_catalog
        AND t.table_schema  = c.table_schema
        AND t.table_name    = c.table_name
        WHERE   t.table_name = 'ts_customerpurchasermember' [ RunTime:0.0008s ]
SQL: SELECT T1.* FROM (SELECT thinkphp.*, ROW_NUMBER() OVER ( ORDER BY rand()) AS ROW_NUMBER FROM (SELECT  COUNT(*) AS tp_count FROM [ts_customerpurchasermember] WHERE [cpm_Card] = '1111' ) AS thinkphp) AS T1 WHERE (T1.ROW_NUMBER BETWEEN 1 AND 1) [ RunTime:0.0005s ]
ERR: 515:[Microsoft][SQL Server Native Client 11.0][SQL Server]不能将值 NULL 插入列 'cpm_CustomerID'，表 '1000da.dbo.ts_CustomerPurchaserMember'；列不允许有 Null 值。INSERT 失败。
 [ SQL语句 ] : INSERT INTO [ts_customerpurchasermember] ([cpm_CustomerID],[cpm_PurchaserName],[cpm_CardType],[cpm_Card],[cpm_Tel]) VALUES (NULL,'11111','0','1111','1111')
ERR: 515:[Microsoft][SQL Server Native Client 11.0][SQL Server]不能将值 NULL 插入列 'cpm_CustomerID'，表 '1000da.dbo.ts_CustomerPurchaserMember'；列不允许有 Null 值。INSERT 失败。
 [ SQL语句 ] : INSERT INTO [ts_customerpurchasermember] ([cpm_CustomerID],[cpm_PurchaserName],[cpm_CardType],[cpm_Card],[cpm_Tel]) VALUES (NULL,'11111','0','1111','1111')

[ 2017-06-10T16:09:45+08:00 ] 127.0.0.1 /station/index.php/Home/customer/add_purchaser_member
INFO: [ app_begin ] --START--
INFO: Run Behavior\ReadHtmlCacheBehavior [ RunTime:0.000784s ]
INFO: [ app_begin ] --END-- [ RunTime:0.001941s ]
NOTIC: [8] Undefined index: user_id D:\phpStudy\WWW\station\Application\Home\Controller\CustomerController.class.php 第 32 行.
SQL: SELECT   column_name,   data_type,   column_default,   is_nullable
        FROM    information_schema.tables AS t
        JOIN    information_schema.columns AS c
        ON  t.table_catalog = c.table_catalog
        AND t.table_schema  = c.table_schema
        AND t.table_name    = c.table_name
        WHERE   t.table_name = 'ts_customerpurchasermember' [ RunTime:0.0010s ]
SQL: SELECT T1.* FROM (SELECT thinkphp.*, ROW_NUMBER() OVER ( ORDER BY rand()) AS ROW_NUMBER FROM (SELECT  COUNT(*) AS tp_count FROM [ts_customerpurchasermember] WHERE [cpm_Card] = '1111' ) AS thinkphp) AS T1 WHERE (T1.ROW_NUMBER BETWEEN 1 AND 1) [ RunTime:0.0005s ]
ERR: 515:[Microsoft][SQL Server Native Client 11.0][SQL Server]不能将值 NULL 插入列 'cpm_CustomerID'，表 '1000da.dbo.ts_CustomerPurchaserMember'；列不允许有 Null 值。INSERT 失败。
 [ SQL语句 ] : INSERT INTO [ts_customerpurchasermember] ([cpm_CustomerID],[cpm_PurchaserName],[cpm_CardType],[cpm_Card],[cpm_Tel]) VALUES (NULL,'11111','0','1111','1111')
ERR: 515:[Microsoft][SQL Server Native Client 11.0][SQL Server]不能将值 NULL 插入列 'cpm_CustomerID'，表 '1000da.dbo.ts_CustomerPurchaserMember'；列不允许有 Null 值。INSERT 失败。
 [ SQL语句 ] : INSERT INTO [ts_customerpurchasermember] ([cpm_CustomerID],[cpm_PurchaserName],[cpm_CardType],[cpm_Card],[cpm_Tel]) VALUES (NULL,'11111','0','1111','1111')

[ 2017-06-10T16:09:45+08:00 ] 127.0.0.1 /station/index.php/Home/customer/add_purchaser_member
INFO: [ app_begin ] --START--
INFO: Run Behavior\ReadHtmlCacheBehavior [ RunTime:0.000756s ]
INFO: [ app_begin ] --END-- [ RunTime:0.001837s ]
NOTIC: [8] Undefined index: user_id D:\phpStudy\WWW\station\Application\Home\Controller\CustomerController.class.php 第 32 行.
SQL: SELECT   column_name,   data_type,   column_default,   is_nullable
        FROM    information_schema.tables AS t
        JOIN    information_schema.columns AS c
        ON  t.table_catalog = c.table_catalog
        AND t.table_schema  = c.table_schema
        AND t.table_name    = c.table_name
        WHERE   t.table_name = 'ts_customerpurchasermember' [ RunTime:0.0008s ]
SQL: SELECT T1.* FROM (SELECT thinkphp.*, ROW_NUMBER() OVER ( ORDER BY rand()) AS ROW_NUMBER FROM (SELECT  COUNT(*) AS tp_count FROM [ts_customerpurchasermember] WHERE [cpm_Card] = '1111' ) AS thinkphp) AS T1 WHERE (T1.ROW_NUMBER BETWEEN 1 AND 1) [ RunTime:0.0006s ]
ERR: 515:[Microsoft][SQL Server Native Client 11.0][SQL Server]不能将值 NULL 插入列 'cpm_CustomerID'，表 '1000da.dbo.ts_CustomerPurchaserMember'；列不允许有 Null 值。INSERT 失败。
 [ SQL语句 ] : INSERT INTO [ts_customerpurchasermember] ([cpm_CustomerID],[cpm_PurchaserName],[cpm_CardType],[cpm_Card],[cpm_Tel]) VALUES (NULL,'11111','0','1111','1111')
ERR: 515:[Microsoft][SQL Server Native Client 11.0][SQL Server]不能将值 NULL 插入列 'cpm_CustomerID'，表 '1000da.dbo.ts_CustomerPurchaserMember'；列不允许有 Null 值。INSERT 失败。
 [ SQL语句 ] : INSERT INTO [ts_customerpurchasermember] ([cpm_CustomerID],[cpm_PurchaserName],[cpm_CardType],[cpm_Card],[cpm_Tel]) VALUES (NULL,'11111','0','1111','1111')

[ 2017-06-10T16:09:45+08:00 ] 127.0.0.1 /station/index.php/Home/customer/add_purchaser_member
INFO: [ app_begin ] --START--
INFO: Run Behavior\ReadHtmlCacheBehavior [ RunTime:0.000767s ]
INFO: [ app_begin ] --END-- [ RunTime:0.001864s ]
NOTIC: [8] Undefined index: user_id D:\phpStudy\WWW\station\Application\Home\Controller\CustomerController.class.php 第 32 行.
SQL: SELECT   column_name,   data_type,   column_default,   is_nullable
        FROM    information_schema.tables AS t
        JOIN    information_schema.columns AS c
        ON  t.table_catalog = c.table_catalog
        AND t.table_schema  = c.table_schema
        AND t.table_name    = c.table_name
        WHERE   t.table_name = 'ts_customerpurchasermember' [ RunTime:0.0009s ]
SQL: SELECT T1.* FROM (SELECT thinkphp.*, ROW_NUMBER() OVER ( ORDER BY rand()) AS ROW_NUMBER FROM (SELECT  COUNT(*) AS tp_count FROM [ts_customerpurchasermember] WHERE [cpm_Card] = '1111' ) AS thinkphp) AS T1 WHERE (T1.ROW_NUMBER BETWEEN 1 AND 1) [ RunTime:0.0004s ]
ERR: 515:[Microsoft][SQL Server Native Client 11.0][SQL Server]不能将值 NULL 插入列 'cpm_CustomerID'，表 '1000da.dbo.ts_CustomerPurchaserMember'；列不允许有 Null 值。INSERT 失败。
 [ SQL语句 ] : INSERT INTO [ts_customerpurchasermember] ([cpm_CustomerID],[cpm_PurchaserName],[cpm_CardType],[cpm_Card],[cpm_Tel]) VALUES (NULL,'11111','0','1111','1111')
ERR: 515:[Microsoft][SQL Server Native Client 11.0][SQL Server]不能将值 NULL 插入列 'cpm_CustomerID'，表 '1000da.dbo.ts_CustomerPurchaserMember'；列不允许有 Null 值。INSERT 失败。
 [ SQL语句 ] : INSERT INTO [ts_customerpurchasermember] ([cpm_CustomerID],[cpm_PurchaserName],[cpm_CardType],[cpm_Card],[cpm_Tel]) VALUES (NULL,'11111','0','1111','1111')

[ 2017-06-10T16:09:46+08:00 ] 127.0.0.1 /station/index.php/Home/customer/add_purchaser_member
INFO: [ app_begin ] --START--
INFO: Run Behavior\ReadHtmlCacheBehavior [ RunTime:0.000765s ]
INFO: [ app_begin ] --END-- [ RunTime:0.002340s ]
NOTIC: [8] Undefined index: user_id D:\phpStudy\WWW\station\Application\Home\Controller\CustomerController.class.php 第 32 行.
SQL: SELECT   column_name,   data_type,   column_default,   is_nullable
        FROM    information_schema.tables AS t
        JOIN    information_schema.columns AS c
        ON  t.table_catalog = c.table_catalog
        AND t.table_schema  = c.table_schema
        AND t.table_name    = c.table_name
        WHERE   t.table_name = 'ts_customerpurchasermember' [ RunTime:0.0011s ]
SQL: SELECT T1.* FROM (SELECT thinkphp.*, ROW_NUMBER() OVER ( ORDER BY rand()) AS ROW_NUMBER FROM (SELECT  COUNT(*) AS tp_count FROM [ts_customerpurchasermember] WHERE [cpm_Card] = '1111' ) AS thinkphp) AS T1 WHERE (T1.ROW_NUMBER BETWEEN 1 AND 1) [ RunTime:0.0004s ]
ERR: 515:[Microsoft][SQL Server Native Client 11.0][SQL Server]不能将值 NULL 插入列 'cpm_CustomerID'，表 '1000da.dbo.ts_CustomerPurchaserMember'；列不允许有 Null 值。INSERT 失败。
 [ SQL语句 ] : INSERT INTO [ts_customerpurchasermember] ([cpm_CustomerID],[cpm_PurchaserName],[cpm_CardType],[cpm_Card],[cpm_Tel]) VALUES (NULL,'11111','0','1111','1111')
ERR: 515:[Microsoft][SQL Server Native Client 11.0][SQL Server]不能将值 NULL 插入列 'cpm_CustomerID'，表 '1000da.dbo.ts_CustomerPurchaserMember'；列不允许有 Null 值。INSERT 失败。
 [ SQL语句 ] : INSERT INTO [ts_customerpurchasermember] ([cpm_CustomerID],[cpm_PurchaserName],[cpm_CardType],[cpm_Card],[cpm_Tel]) VALUES (NULL,'11111','0','1111','1111')

[ 2017-06-10T16:09:46+08:00 ] 127.0.0.1 /station/index.php/Home/customer/add_purchaser_member
INFO: [ app_begin ] --START--
INFO: Run Behavior\ReadHtmlCacheBehavior [ RunTime:0.000847s ]
INFO: [ app_begin ] --END-- [ RunTime:0.002051s ]
NOTIC: [8] Undefined index: user_id D:\phpStudy\WWW\station\Application\Home\Controller\CustomerController.class.php 第 32 行.
SQL: SELECT   column_name,   data_type,   column_default,   is_nullable
        FROM    information_schema.tables AS t
        JOIN    information_schema.columns AS c
        ON  t.table_catalog = c.table_catalog
        AND t.table_schema  = c.table_schema
        AND t.table_name    = c.table_name
        WHERE   t.table_name = 'ts_customerpurchasermember' [ RunTime:0.0012s ]
SQL: SELECT T1.* FROM (SELECT thinkphp.*, ROW_NUMBER() OVER ( ORDER BY rand()) AS ROW_NUMBER FROM (SELECT  COUNT(*) AS tp_count FROM [ts_customerpurchasermember] WHERE [cpm_Card] = '1111' ) AS thinkphp) AS T1 WHERE (T1.ROW_NUMBER BETWEEN 1 AND 1) [ RunTime:0.0006s ]
ERR: 515:[Microsoft][SQL Server Native Client 11.0][SQL Server]不能将值 NULL 插入列 'cpm_CustomerID'，表 '1000da.dbo.ts_CustomerPurchaserMember'；列不允许有 Null 值。INSERT 失败。
 [ SQL语句 ] : INSERT INTO [ts_customerpurchasermember] ([cpm_CustomerID],[cpm_PurchaserName],[cpm_CardType],[cpm_Card],[cpm_Tel]) VALUES (NULL,'11111','0','1111','1111')
ERR: 515:[Microsoft][SQL Server Native Client 11.0][SQL Server]不能将值 NULL 插入列 'cpm_CustomerID'，表 '1000da.dbo.ts_CustomerPurchaserMember'；列不允许有 Null 值。INSERT 失败。
 [ SQL语句 ] : INSERT INTO [ts_customerpurchasermember] ([cpm_CustomerID],[cpm_PurchaserName],[cpm_CardType],[cpm_Card],[cpm_Tel]) VALUES (NULL,'11111','0','1111','1111')

[ 2017-06-10T16:09:46+08:00 ] 127.0.0.1 /station/index.php/Home/customer/add_purchaser_member
INFO: [ app_begin ] --START--
INFO: Run Behavior\ReadHtmlCacheBehavior [ RunTime:0.000783s ]
INFO: [ app_begin ] --END-- [ RunTime:0.001918s ]
NOTIC: [8] Undefined index: user_id D:\phpStudy\WWW\station\Application\Home\Controller\CustomerController.class.php 第 32 行.
SQL: SELECT   column_name,   data_type,   column_default,   is_nullable
        FROM    information_schema.tables AS t
        JOIN    information_schema.columns AS c
        ON  t.table_catalog = c.table_catalog
        AND t.table_schema  = c.table_schema
        AND t.table_name    = c.table_name
        WHERE   t.table_name = 'ts_customerpurchasermember' [ RunTime:0.0008s ]
SQL: SELECT T1.* FROM (SELECT thinkphp.*, ROW_NUMBER() OVER ( ORDER BY rand()) AS ROW_NUMBER FROM (SELECT  COUNT(*) AS tp_count FROM [ts_customerpurchasermember] WHERE [cpm_Card] = '1111' ) AS thinkphp) AS T1 WHERE (T1.ROW_NUMBER BETWEEN 1 AND 1) [ RunTime:0.0004s ]
ERR: 515:[Microsoft][SQL Server Native Client 11.0][SQL Server]不能将值 NULL 插入列 'cpm_CustomerID'，表 '1000da.dbo.ts_CustomerPurchaserMember'；列不允许有 Null 值。INSERT 失败。
 [ SQL语句 ] : INSERT INTO [ts_customerpurchasermember] ([cpm_CustomerID],[cpm_PurchaserName],[cpm_CardType],[cpm_Card],[cpm_Tel]) VALUES (NULL,'11111','0','1111','1111')
ERR: 515:[Microsoft][SQL Server Native Client 11.0][SQL Server]不能将值 NULL 插入列 'cpm_CustomerID'，表 '1000da.dbo.ts_CustomerPurchaserMember'；列不允许有 Null 值。INSERT 失败。
 [ SQL语句 ] : INSERT INTO [ts_customerpurchasermember] ([cpm_CustomerID],[cpm_PurchaserName],[cpm_CardType],[cpm_Card],[cpm_Tel]) VALUES (NULL,'11111','0','1111','1111')

[ 2017-06-10T16:09:46+08:00 ] 127.0.0.1 /station/index.php/Home/customer/add_purchaser_member
INFO: [ app_begin ] --START--
INFO: Run Behavior\ReadHtmlCacheBehavior [ RunTime:0.000810s ]
INFO: [ app_begin ] --END-- [ RunTime:0.002013s ]
NOTIC: [8] Undefined index: user_id D:\phpStudy\WWW\station\Application\Home\Controller\CustomerController.class.php 第 32 行.
SQL: SELECT   column_name,   data_type,   column_default,   is_nullable
        FROM    information_schema.tables AS t
        JOIN    information_schema.columns AS c
        ON  t.table_catalog = c.table_catalog
        AND t.table_schema  = c.table_schema
        AND t.table_name    = c.table_name
        WHERE   t.table_name = 'ts_customerpurchasermember' [ RunTime:0.0009s ]
SQL: SELECT T1.* FROM (SELECT thinkphp.*, ROW_NUMBER() OVER ( ORDER BY rand()) AS ROW_NUMBER FROM (SELECT  COUNT(*) AS tp_count FROM [ts_customerpurchasermember] WHERE [cpm_Card] = '1111' ) AS thinkphp) AS T1 WHERE (T1.ROW_NUMBER BETWEEN 1 AND 1) [ RunTime:0.0005s ]
ERR: 515:[Microsoft][SQL Server Native Client 11.0][SQL Server]不能将值 NULL 插入列 'cpm_CustomerID'，表 '1000da.dbo.ts_CustomerPurchaserMember'；列不允许有 Null 值。INSERT 失败。
 [ SQL语句 ] : INSERT INTO [ts_customerpurchasermember] ([cpm_CustomerID],[cpm_PurchaserName],[cpm_CardType],[cpm_Card],[cpm_Tel]) VALUES (NULL,'11111','0','1111','1111')
ERR: 515:[Microsoft][SQL Server Native Client 11.0][SQL Server]不能将值 NULL 插入列 'cpm_CustomerID'，表 '1000da.dbo.ts_CustomerPurchaserMember'；列不允许有 Null 值。INSERT 失败。
 [ SQL语句 ] : INSERT INTO [ts_customerpurchasermember] ([cpm_CustomerID],[cpm_PurchaserName],[cpm_CardType],[cpm_Card],[cpm_Tel]) VALUES (NULL,'11111','0','1111','1111')

[ 2017-06-10T16:09:47+08:00 ] 127.0.0.1 /station/index.php/Home/customer/add_purchaser_member
INFO: [ app_begin ] --START--
INFO: Run Behavior\ReadHtmlCacheBehavior [ RunTime:0.000818s ]
INFO: [ app_begin ] --END-- [ RunTime:0.002009s ]
NOTIC: [8] Undefined index: user_id D:\phpStudy\WWW\station\Application\Home\Controller\CustomerController.class.php 第 32 行.
SQL: SELECT   column_name,   data_type,   column_default,   is_nullable
        FROM    information_schema.tables AS t
        JOIN    information_schema.columns AS c
        ON  t.table_catalog = c.table_catalog
        AND t.table_schema  = c.table_schema
        AND t.table_name    = c.table_name
        WHERE   t.table_name = 'ts_customerpurchasermember' [ RunTime:0.0008s ]
SQL: SELECT T1.* FROM (SELECT thinkphp.*, ROW_NUMBER() OVER ( ORDER BY rand()) AS ROW_NUMBER FROM (SELECT  COUNT(*) AS tp_count FROM [ts_customerpurchasermember] WHERE [cpm_Card] = '1111' ) AS thinkphp) AS T1 WHERE (T1.ROW_NUMBER BETWEEN 1 AND 1) [ RunTime:0.0005s ]
ERR: 515:[Microsoft][SQL Server Native Client 11.0][SQL Server]不能将值 NULL 插入列 'cpm_CustomerID'，表 '1000da.dbo.ts_CustomerPurchaserMember'；列不允许有 Null 值。INSERT 失败。
 [ SQL语句 ] : INSERT INTO [ts_customerpurchasermember] ([cpm_CustomerID],[cpm_PurchaserName],[cpm_CardType],[cpm_Card],[cpm_Tel]) VALUES (NULL,'11111','0','1111','1111')
ERR: 515:[Microsoft][SQL Server Native Client 11.0][SQL Server]不能将值 NULL 插入列 'cpm_CustomerID'，表 '1000da.dbo.ts_CustomerPurchaserMember'；列不允许有 Null 值。INSERT 失败。
 [ SQL语句 ] : INSERT INTO [ts_customerpurchasermember] ([cpm_CustomerID],[cpm_PurchaserName],[cpm_CardType],[cpm_Card],[cpm_Tel]) VALUES (NULL,'11111','0','1111','1111')

[ 2017-06-10T16:09:47+08:00 ] 127.0.0.1 /station/index.php/Home/customer/add_purchaser_member
INFO: [ app_begin ] --START--
INFO: Run Behavior\ReadHtmlCacheBehavior [ RunTime:0.000802s ]
INFO: [ app_begin ] --END-- [ RunTime:0.001925s ]
NOTIC: [8] Undefined index: user_id D:\phpStudy\WWW\station\Application\Home\Controller\CustomerController.class.php 第 32 行.
SQL: SELECT   column_name,   data_type,   column_default,   is_nullable
        FROM    information_schema.tables AS t
        JOIN    information_schema.columns AS c
        ON  t.table_catalog = c.table_catalog
        AND t.table_schema  = c.table_schema
        AND t.table_name    = c.table_name
        WHERE   t.table_name = 'ts_customerpurchasermember' [ RunTime:0.0008s ]
SQL: SELECT T1.* FROM (SELECT thinkphp.*, ROW_NUMBER() OVER ( ORDER BY rand()) AS ROW_NUMBER FROM (SELECT  COUNT(*) AS tp_count FROM [ts_customerpurchasermember] WHERE [cpm_Card] = '1111' ) AS thinkphp) AS T1 WHERE (T1.ROW_NUMBER BETWEEN 1 AND 1) [ RunTime:0.0005s ]
ERR: 515:[Microsoft][SQL Server Native Client 11.0][SQL Server]不能将值 NULL 插入列 'cpm_CustomerID'，表 '1000da.dbo.ts_CustomerPurchaserMember'；列不允许有 Null 值。INSERT 失败。
 [ SQL语句 ] : INSERT INTO [ts_customerpurchasermember] ([cpm_CustomerID],[cpm_PurchaserName],[cpm_CardType],[cpm_Card],[cpm_Tel]) VALUES (NULL,'11111','0','1111','1111')
ERR: 515:[Microsoft][SQL Server Native Client 11.0][SQL Server]不能将值 NULL 插入列 'cpm_CustomerID'，表 '1000da.dbo.ts_CustomerPurchaserMember'；列不允许有 Null 值。INSERT 失败。
 [ SQL语句 ] : INSERT INTO [ts_customerpurchasermember] ([cpm_CustomerID],[cpm_PurchaserName],[cpm_CardType],[cpm_Card],[cpm_Tel]) VALUES (NULL,'11111','0','1111','1111')

[ 2017-06-10T16:09:47+08:00 ] 127.0.0.1 /station/index.php/Home/customer/add_purchaser_member
INFO: [ app_begin ] --START--
INFO: Run Behavior\ReadHtmlCacheBehavior [ RunTime:0.000769s ]
INFO: [ app_begin ] --END-- [ RunTime:0.001927s ]
NOTIC: [8] Undefined index: user_id D:\phpStudy\WWW\station\Application\Home\Controller\CustomerController.class.php 第 32 行.
SQL: SELECT   column_name,   data_type,   column_default,   is_nullable
        FROM    information_schema.tables AS t
        JOIN    information_schema.columns AS c
        ON  t.table_catalog = c.table_catalog
        AND t.table_schema  = c.table_schema
        AND t.table_name    = c.table_name
        WHERE   t.table_name = 'ts_customerpurchasermember' [ RunTime:0.0010s ]
SQL: SELECT T1.* FROM (SELECT thinkphp.*, ROW_NUMBER() OVER ( ORDER BY rand()) AS ROW_NUMBER FROM (SELECT  COUNT(*) AS tp_count FROM [ts_customerpurchasermember] WHERE [cpm_Card] = '1111' ) AS thinkphp) AS T1 WHERE (T1.ROW_NUMBER BETWEEN 1 AND 1) [ RunTime:0.0005s ]
ERR: 515:[Microsoft][SQL Server Native Client 11.0][SQL Server]不能将值 NULL 插入列 'cpm_CustomerID'，表 '1000da.dbo.ts_CustomerPurchaserMember'；列不允许有 Null 值。INSERT 失败。
 [ SQL语句 ] : INSERT INTO [ts_customerpurchasermember] ([cpm_CustomerID],[cpm_PurchaserName],[cpm_CardType],[cpm_Card],[cpm_Tel]) VALUES (NULL,'11111','0','1111','1111')
ERR: 515:[Microsoft][SQL Server Native Client 11.0][SQL Server]不能将值 NULL 插入列 'cpm_CustomerID'，表 '1000da.dbo.ts_CustomerPurchaserMember'；列不允许有 Null 值。INSERT 失败。
 [ SQL语句 ] : INSERT INTO [ts_customerpurchasermember] ([cpm_CustomerID],[cpm_PurchaserName],[cpm_CardType],[cpm_Card],[cpm_Tel]) VALUES (NULL,'11111','0','1111','1111')

[ 2017-06-10T16:09:47+08:00 ] 127.0.0.1 /station/index.php/Home/customer/add_purchaser_member
INFO: [ app_begin ] --START--
INFO: Run Behavior\ReadHtmlCacheBehavior [ RunTime:0.000769s ]
INFO: [ app_begin ] --END-- [ RunTime:0.001920s ]
NOTIC: [8] Undefined index: user_id D:\phpStudy\WWW\station\Application\Home\Controller\CustomerController.class.php 第 32 行.
SQL: SELECT   column_name,   data_type,   column_default,   is_nullable
        FROM    information_schema.tables AS t
        JOIN    information_schema.columns AS c
        ON  t.table_catalog = c.table_catalog
        AND t.table_schema  = c.table_schema
        AND t.table_name    = c.table_name
        WHERE   t.table_name = 'ts_customerpurchasermember' [ RunTime:0.0008s ]
SQL: SELECT T1.* FROM (SELECT thinkphp.*, ROW_NUMBER() OVER ( ORDER BY rand()) AS ROW_NUMBER FROM (SELECT  COUNT(*) AS tp_count FROM [ts_customerpurchasermember] WHERE [cpm_Card] = '1111' ) AS thinkphp) AS T1 WHERE (T1.ROW_NUMBER BETWEEN 1 AND 1) [ RunTime:0.0004s ]
ERR: 515:[Microsoft][SQL Server Native Client 11.0][SQL Server]不能将值 NULL 插入列 'cpm_CustomerID'，表 '1000da.dbo.ts_CustomerPurchaserMember'；列不允许有 Null 值。INSERT 失败。
 [ SQL语句 ] : INSERT INTO [ts_customerpurchasermember] ([cpm_CustomerID],[cpm_PurchaserName],[cpm_CardType],[cpm_Card],[cpm_Tel]) VALUES (NULL,'11111','0','1111','1111')
ERR: 515:[Microsoft][SQL Server Native Client 11.0][SQL Server]不能将值 NULL 插入列 'cpm_CustomerID'，表 '1000da.dbo.ts_CustomerPurchaserMember'；列不允许有 Null 值。INSERT 失败。
 [ SQL语句 ] : INSERT INTO [ts_customerpurchasermember] ([cpm_CustomerID],[cpm_PurchaserName],[cpm_CardType],[cpm_Card],[cpm_Tel]) VALUES (NULL,'11111','0','1111','1111')

[ 2017-06-10T16:09:48+08:00 ] 127.0.0.1 /station/index.php/Home/customer/add_purchaser_member
INFO: [ app_begin ] --START--
INFO: Run Behavior\ReadHtmlCacheBehavior [ RunTime:0.000770s ]
INFO: [ app_begin ] --END-- [ RunTime:0.001897s ]
NOTIC: [8] Undefined index: user_id D:\phpStudy\WWW\station\Application\Home\Controller\CustomerController.class.php 第 32 行.
SQL: SELECT   column_name,   data_type,   column_default,   is_nullable
        FROM    information_schema.tables AS t
        JOIN    information_schema.columns AS c
        ON  t.table_catalog = c.table_catalog
        AND t.table_schema  = c.table_schema
        AND t.table_name    = c.table_name
        WHERE   t.table_name = 'ts_customerpurchasermember' [ RunTime:0.0010s ]
SQL: SELECT T1.* FROM (SELECT thinkphp.*, ROW_NUMBER() OVER ( ORDER BY rand()) AS ROW_NUMBER FROM (SELECT  COUNT(*) AS tp_count FROM [ts_customerpurchasermember] WHERE [cpm_Card] = '1111' ) AS thinkphp) AS T1 WHERE (T1.ROW_NUMBER BETWEEN 1 AND 1) [ RunTime:0.0005s ]
ERR: 515:[Microsoft][SQL Server Native Client 11.0][SQL Server]不能将值 NULL 插入列 'cpm_CustomerID'，表 '1000da.dbo.ts_CustomerPurchaserMember'；列不允许有 Null 值。INSERT 失败。
 [ SQL语句 ] : INSERT INTO [ts_customerpurchasermember] ([cpm_CustomerID],[cpm_PurchaserName],[cpm_CardType],[cpm_Card],[cpm_Tel]) VALUES (NULL,'11111','0','1111','1111')
ERR: 515:[Microsoft][SQL Server Native Client 11.0][SQL Server]不能将值 NULL 插入列 'cpm_CustomerID'，表 '1000da.dbo.ts_CustomerPurchaserMember'；列不允许有 Null 值。INSERT 失败。
 [ SQL语句 ] : INSERT INTO [ts_customerpurchasermember] ([cpm_CustomerID],[cpm_PurchaserName],[cpm_CardType],[cpm_Card],[cpm_Tel]) VALUES (NULL,'11111','0','1111','1111')

[ 2017-06-10T16:09:49+08:00 ] 127.0.0.1 /station/index.php/Home/customer/add_purchaser_member
INFO: [ app_begin ] --START--
INFO: Run Behavior\ReadHtmlCacheBehavior [ RunTime:0.001375s ]
INFO: [ app_begin ] --END-- [ RunTime:0.002659s ]
NOTIC: [8] Undefined index: user_id D:\phpStudy\WWW\station\Application\Home\Controller\CustomerController.class.php 第 32 行.
SQL: SELECT   column_name,   data_type,   column_default,   is_nullable
        FROM    information_schema.tables AS t
        JOIN    information_schema.columns AS c
        ON  t.table_catalog = c.table_catalog
        AND t.table_schema  = c.table_schema
        AND t.table_name    = c.table_name
        WHERE   t.table_name = 'ts_customerpurchasermember' [ RunTime:0.0012s ]
SQL: SELECT T1.* FROM (SELECT thinkphp.*, ROW_NUMBER() OVER ( ORDER BY rand()) AS ROW_NUMBER FROM (SELECT  COUNT(*) AS tp_count FROM [ts_customerpurchasermember] WHERE [cpm_Card] = '1111' ) AS thinkphp) AS T1 WHERE (T1.ROW_NUMBER BETWEEN 1 AND 1) [ RunTime:0.0004s ]
ERR: 515:[Microsoft][SQL Server Native Client 11.0][SQL Server]不能将值 NULL 插入列 'cpm_CustomerID'，表 '1000da.dbo.ts_CustomerPurchaserMember'；列不允许有 Null 值。INSERT 失败。
 [ SQL语句 ] : INSERT INTO [ts_customerpurchasermember] ([cpm_CustomerID],[cpm_PurchaserName],[cpm_CardType],[cpm_Card],[cpm_Tel]) VALUES (NULL,'11111','0','1111','1111')
ERR: 515:[Microsoft][SQL Server Native Client 11.0][SQL Server]不能将值 NULL 插入列 'cpm_CustomerID'，表 '1000da.dbo.ts_CustomerPurchaserMember'；列不允许有 Null 值。INSERT 失败。
 [ SQL语句 ] : INSERT INTO [ts_customerpurchasermember] ([cpm_CustomerID],[cpm_PurchaserName],[cpm_CardType],[cpm_Card],[cpm_Tel]) VALUES (NULL,'11111','0','1111','1111')

[ 2017-06-10T16:09:50+08:00 ] 127.0.0.1 /station/index.php/Home/customer/add_purchaser_member
INFO: [ app_begin ] --START--
INFO: Run Behavior\ReadHtmlCacheBehavior [ RunTime:0.000768s ]
INFO: [ app_begin ] --END-- [ RunTime:0.001883s ]
NOTIC: [8] Undefined index: user_id D:\phpStudy\WWW\station\Application\Home\Controller\CustomerController.class.php 第 32 行.
SQL: SELECT   column_name,   data_type,   column_default,   is_nullable
        FROM    information_schema.tables AS t
        JOIN    information_schema.columns AS c
        ON  t.table_catalog = c.table_catalog
        AND t.table_schema  = c.table_schema
        AND t.table_name    = c.table_name
        WHERE   t.table_name = 'ts_customerpurchasermember' [ RunTime:0.0010s ]
SQL: SELECT T1.* FROM (SELECT thinkphp.*, ROW_NUMBER() OVER ( ORDER BY rand()) AS ROW_NUMBER FROM (SELECT  COUNT(*) AS tp_count FROM [ts_customerpurchasermember] WHERE [cpm_Card] = '1111' ) AS thinkphp) AS T1 WHERE (T1.ROW_NUMBER BETWEEN 1 AND 1) [ RunTime:0.0004s ]
ERR: 515:[Microsoft][SQL Server Native Client 11.0][SQL Server]不能将值 NULL 插入列 'cpm_CustomerID'，表 '1000da.dbo.ts_CustomerPurchaserMember'；列不允许有 Null 值。INSERT 失败。
 [ SQL语句 ] : INSERT INTO [ts_customerpurchasermember] ([cpm_CustomerID],[cpm_PurchaserName],[cpm_CardType],[cpm_Card],[cpm_Tel]) VALUES (NULL,'11111','0','1111','1111')
ERR: 515:[Microsoft][SQL Server Native Client 11.0][SQL Server]不能将值 NULL 插入列 'cpm_CustomerID'，表 '1000da.dbo.ts_CustomerPurchaserMember'；列不允许有 Null 值。INSERT 失败。
 [ SQL语句 ] : INSERT INTO [ts_customerpurchasermember] ([cpm_CustomerID],[cpm_PurchaserName],[cpm_CardType],[cpm_Card],[cpm_Tel]) VALUES (NULL,'11111','0','1111','1111')

[ 2017-06-10T16:09:50+08:00 ] 127.0.0.1 /station/index.php/Home/customer/add_purchaser_member
INFO: [ app_begin ] --START--
INFO: Run Behavior\ReadHtmlCacheBehavior [ RunTime:0.000801s ]
INFO: [ app_begin ] --END-- [ RunTime:0.002016s ]
NOTIC: [8] Undefined index: user_id D:\phpStudy\WWW\station\Application\Home\Controller\CustomerController.class.php 第 32 行.
SQL: SELECT   column_name,   data_type,   column_default,   is_nullable
        FROM    information_schema.tables AS t
        JOIN    information_schema.columns AS c
        ON  t.table_catalog = c.table_catalog
        AND t.table_schema  = c.table_schema
        AND t.table_name    = c.table_name
        WHERE   t.table_name = 'ts_customerpurchasermember' [ RunTime:0.0008s ]
SQL: SELECT T1.* FROM (SELECT thinkphp.*, ROW_NUMBER() OVER ( ORDER BY rand()) AS ROW_NUMBER FROM (SELECT  COUNT(*) AS tp_count FROM [ts_customerpurchasermember] WHERE [cpm_Card] = '1111' ) AS thinkphp) AS T1 WHERE (T1.ROW_NUMBER BETWEEN 1 AND 1) [ RunTime:0.0005s ]
ERR: 515:[Microsoft][SQL Server Native Client 11.0][SQL Server]不能将值 NULL 插入列 'cpm_CustomerID'，表 '1000da.dbo.ts_CustomerPurchaserMember'；列不允许有 Null 值。INSERT 失败。
 [ SQL语句 ] : INSERT INTO [ts_customerpurchasermember] ([cpm_CustomerID],[cpm_PurchaserName],[cpm_CardType],[cpm_Card],[cpm_Tel]) VALUES (NULL,'11111','0','1111','1111')
ERR: 515:[Microsoft][SQL Server Native Client 11.0][SQL Server]不能将值 NULL 插入列 'cpm_CustomerID'，表 '1000da.dbo.ts_CustomerPurchaserMember'；列不允许有 Null 值。INSERT 失败。
 [ SQL语句 ] : INSERT INTO [ts_customerpurchasermember] ([cpm_CustomerID],[cpm_PurchaserName],[cpm_CardType],[cpm_Card],[cpm_Tel]) VALUES (NULL,'11111','0','1111','1111')

[ 2017-06-10T16:09:50+08:00 ] 127.0.0.1 /station/index.php/Home/customer/add_purchaser_member
INFO: [ app_begin ] --START--
INFO: Run Behavior\ReadHtmlCacheBehavior [ RunTime:0.000921s ]
INFO: [ app_begin ] --END-- [ RunTime:0.002349s ]
NOTIC: [8] Undefined index: user_id D:\phpStudy\WWW\station\Application\Home\Controller\CustomerController.class.php 第 32 行.
SQL: SELECT   column_name,   data_type,   column_default,   is_nullable
        FROM    information_schema.tables AS t
        JOIN    information_schema.columns AS c
        ON  t.table_catalog = c.table_catalog
        AND t.table_schema  = c.table_schema
        AND t.table_name    = c.table_name
        WHERE   t.table_name = 'ts_customerpurchasermember' [ RunTime:0.0008s ]
SQL: SELECT T1.* FROM (SELECT thinkphp.*, ROW_NUMBER() OVER ( ORDER BY rand()) AS ROW_NUMBER FROM (SELECT  COUNT(*) AS tp_count FROM [ts_customerpurchasermember] WHERE [cpm_Card] = '1111' ) AS thinkphp) AS T1 WHERE (T1.ROW_NUMBER BETWEEN 1 AND 1) [ RunTime:0.0005s ]
ERR: 515:[Microsoft][SQL Server Native Client 11.0][SQL Server]不能将值 NULL 插入列 'cpm_CustomerID'，表 '1000da.dbo.ts_CustomerPurchaserMember'；列不允许有 Null 值。INSERT 失败。
 [ SQL语句 ] : INSERT INTO [ts_customerpurchasermember] ([cpm_CustomerID],[cpm_PurchaserName],[cpm_CardType],[cpm_Card],[cpm_Tel]) VALUES (NULL,'11111','0','1111','1111')
ERR: 515:[Microsoft][SQL Server Native Client 11.0][SQL Server]不能将值 NULL 插入列 'cpm_CustomerID'，表 '1000da.dbo.ts_CustomerPurchaserMember'；列不允许有 Null 值。INSERT 失败。
 [ SQL语句 ] : INSERT INTO [ts_customerpurchasermember] ([cpm_CustomerID],[cpm_PurchaserName],[cpm_CardType],[cpm_Card],[cpm_Tel]) VALUES (NULL,'11111','0','1111','1111')

[ 2017-06-10T21:48:54+08:00 ] 127.0.0.1 /station/index.php/Home/order/edit_order?runsid=%2Bxa001&runsdate=2017-02-18
ERR: 102:[Microsoft][SQL Server Native Client 11.0][SQL Server]“)”附近有语法错误。
 [ SQL语句 ] : SELECT T1.* FROM (SELECT thinkphp.*, ROW_NUMBER() OVER ( ORDER BY rand()) AS ROW_NUMBER FROM (SELECT  * FROM [ts_customer_purchaser_member] WHERE [cpm_ID] IN () ) AS thinkphp) AS T1 

[ 2017-06-10T21:49:08+08:00 ] 127.0.0.1 /station/index.php/Home/order/edit_order?runsid=%2Bxa001&runsdate=2017-02-18
ERR: 102:[Microsoft][SQL Server Native Client 11.0][SQL Server]“)”附近有语法错误。
 [ SQL语句 ] : SELECT T1.* FROM (SELECT thinkphp.*, ROW_NUMBER() OVER ( ORDER BY rand()) AS ROW_NUMBER FROM (SELECT  * FROM [ts_customer_purchaser_member] WHERE [cpm_ID] IN () ) AS thinkphp) AS T1 

[ 2017-06-10T21:49:10+08:00 ] 127.0.0.1 /station/index.php/Home/order/edit_order?runsid=%2Bxa001&runsdate=2017-02-18
ERR: 102:[Microsoft][SQL Server Native Client 11.0][SQL Server]“)”附近有语法错误。
 [ SQL语句 ] : SELECT T1.* FROM (SELECT thinkphp.*, ROW_NUMBER() OVER ( ORDER BY rand()) AS ROW_NUMBER FROM (SELECT  * FROM [ts_customer_purchaser_member] WHERE [cpm_ID] IN () ) AS thinkphp) AS T1 

[ 2017-06-10T21:49:45+08:00 ] 127.0.0.1 /station/index.php/Home/order/edit_order?runsid=%2Bxa001&runsdate=2017-02-18
ERR: 102:[Microsoft][SQL Server Native Client 11.0][SQL Server]“)”附近有语法错误。
 [ SQL语句 ] : SELECT T1.* FROM (SELECT thinkphp.*, ROW_NUMBER() OVER ( ORDER BY rand()) AS ROW_NUMBER FROM (SELECT  * FROM [ts_customer_purchaser_member] WHERE [cpm_ID] IN () ) AS thinkphp) AS T1 

[ 2017-06-10T21:50:48+08:00 ] 127.0.0.1 /station/index.php/Home/order/edit_order?passenger=1,3&runsid=%2Bxa001&runsdate=2017-02-18
ERR: 208:[Microsoft][SQL Server Native Client 11.0][SQL Server]对象名 'ts_customer_purchaser_member' 无效。
 [ SQL语句 ] : SELECT T1.* FROM (SELECT thinkphp.*, ROW_NUMBER() OVER ( ORDER BY rand()) AS ROW_NUMBER FROM (SELECT  * FROM [ts_customer_purchaser_member] WHERE [cpm_ID] IN ('1','3') ) AS thinkphp) AS T1 

