[ 2017-06-01T20:03:45+08:00 ] 127.0.0.1 /station/index.php/Home/Trade/sendmessage
INFO: [ app_begin ] --START--
INFO: Run Behavior\ReadHtmlCacheBehavior [ RunTime:0.000984s ]
INFO: [ app_begin ] --END-- [ RunTime:0.002120s ]
ERR: 无法加载控制器:Trade

[ 2017-06-01T20:04:30+08:00 ] 127.0.0.1 /station/index.php/Home/Trade/sendmessage
INFO: [ app_begin ] --START--
INFO: Run Behavior\ReadHtmlCacheBehavior [ RunTime:0.001240s ]
INFO: [ app_begin ] --END-- [ RunTime:0.003342s ]
ERR: 无法加载控制器:Trade

[ 2017-06-01T20:04:32+08:00 ] 127.0.0.1 /station/index.php/Home/Trade/sendmessage
INFO: [ app_begin ] --START--
INFO: Run Behavior\ReadHtmlCacheBehavior [ RunTime:0.001303s ]
INFO: [ app_begin ] --END-- [ RunTime:0.002853s ]
ERR: 无法加载控制器:Trade

[ 2017-06-01T20:04:33+08:00 ] 127.0.0.1 /station/index.php/Home/Trade/sendmessage
INFO: [ app_begin ] --START--
INFO: Run Behavior\ReadHtmlCacheBehavior [ RunTime:0.001062s ]
INFO: [ app_begin ] --END-- [ RunTime:0.002148s ]
ERR: 无法加载控制器:Trade

[ 2017-06-01T20:04:33+08:00 ] 127.0.0.1 /station/index.php/Home/Trade/sendmessage
INFO: [ app_begin ] --START--
INFO: Run Behavior\ReadHtmlCacheBehavior [ RunTime:0.000938s ]
INFO: [ app_begin ] --END-- [ RunTime:0.002035s ]
ERR: 无法加载控制器:Trade

[ 2017-06-01T20:04:34+08:00 ] 127.0.0.1 /station/index.php/Home/Trade/sendmessage
INFO: [ app_begin ] --START--
INFO: Run Behavior\ReadHtmlCacheBehavior [ RunTime:0.000782s ]
INFO: [ app_begin ] --END-- [ RunTime:0.001849s ]
ERR: 无法加载控制器:Trade

[ 2017-06-01T20:05:00+08:00 ] 127.0.0.1 /station/index.php/Home/Customer/add_purchaser_member
INFO: [ app_begin ] --START--
INFO: Run Behavior\ReadHtmlCacheBehavior [ RunTime:0.000987s ]
INFO: [ app_begin ] --END-- [ RunTime:0.002710s ]

[ 2017-06-01T20:07:36+08:00 ] 127.0.0.1 /station/index.php/Home/Customer/add_purchaser_member
INFO: [ app_begin ] --START--
INFO: Run Behavior\ReadHtmlCacheBehavior [ RunTime:0.004478s ]
INFO: [ app_begin ] --END-- [ RunTime:0.007771s ]

[ 2017-06-01T20:07:38+08:00 ] 127.0.0.1 /station/index.php/Home/Customer/add_purchaser_member
INFO: [ app_begin ] --START--
INFO: Run Behavior\ReadHtmlCacheBehavior [ RunTime:0.001008s ]
INFO: [ app_begin ] --END-- [ RunTime:0.002488s ]

[ 2017-06-01T20:07:39+08:00 ] 127.0.0.1 /station/index.php/Home/Customer/add_purchaser_member
INFO: [ app_begin ] --START--
INFO: Run Behavior\ReadHtmlCacheBehavior [ RunTime:0.000812s ]
INFO: [ app_begin ] --END-- [ RunTime:0.002037s ]

[ 2017-06-01T20:07:48+08:00 ] 127.0.0.1 /station/index.php/Home/Customer/add_purchaser_member
INFO: [ app_begin ] --START--
INFO: Run Behavior\ReadHtmlCacheBehavior [ RunTime:0.001000s ]
INFO: [ app_begin ] --END-- [ RunTime:0.002169s ]

[ 2017-06-01T20:07:49+08:00 ] 127.0.0.1 /station/index.php/Home/Customer/add_purchaser_member
INFO: [ app_begin ] --START--
INFO: Run Behavior\ReadHtmlCacheBehavior [ RunTime:0.002486s ]
INFO: [ app_begin ] --END-- [ RunTime:0.004390s ]

[ 2017-06-01T20:07:49+08:00 ] 127.0.0.1 /station/index.php/Home/Customer/add_purchaser_member
INFO: [ app_begin ] --START--
INFO: Run Behavior\ReadHtmlCacheBehavior [ RunTime:0.000931s ]
INFO: [ app_begin ] --END-- [ RunTime:0.002163s ]

[ 2017-06-01T20:07:49+08:00 ] 127.0.0.1 /station/index.php/Home/Customer/add_purchaser_member
INFO: [ app_begin ] --START--
INFO: Run Behavior\ReadHtmlCacheBehavior [ RunTime:0.000800s ]
INFO: [ app_begin ] --END-- [ RunTime:0.001920s ]

[ 2017-06-01T20:07:50+08:00 ] 127.0.0.1 /station/index.php/Home/Customer/add_purchaser_member
INFO: [ app_begin ] --START--
INFO: Run Behavior\ReadHtmlCacheBehavior [ RunTime:0.001274s ]
INFO: [ app_begin ] --END-- [ RunTime:0.002724s ]

[ 2017-06-01T20:07:50+08:00 ] 127.0.0.1 /station/index.php/Home/Customer/add_purchaser_member
INFO: [ app_begin ] --START--
INFO: Run Behavior\ReadHtmlCacheBehavior [ RunTime:0.001484s ]
INFO: [ app_begin ] --END-- [ RunTime:0.003058s ]

[ 2017-06-01T20:07:50+08:00 ] 127.0.0.1 /station/index.php/Home/Customer/add_purchaser_member
INFO: [ app_begin ] --START--
INFO: Run Behavior\ReadHtmlCacheBehavior [ RunTime:0.000769s ]
INFO: [ app_begin ] --END-- [ RunTime:0.001915s ]

[ 2017-06-01T20:07:50+08:00 ] 127.0.0.1 /station/index.php/Home/Customer/add_purchaser_member
INFO: [ app_begin ] --START--
INFO: Run Behavior\ReadHtmlCacheBehavior [ RunTime:0.001422s ]
INFO: [ app_begin ] --END-- [ RunTime:0.002884s ]

[ 2017-06-01T20:08:01+08:00 ] 127.0.0.1 /station/index.php/Home/Customer/add_purchaser_member
INFO: [ app_begin ] --START--
INFO: Run Behavior\ReadHtmlCacheBehavior [ RunTime:0.000960s ]
INFO: [ app_begin ] --END-- [ RunTime:0.002442s ]

[ 2017-06-01T20:08:02+08:00 ] 127.0.0.1 /station/index.php/Home/Customer/add_purchaser_member
INFO: [ app_begin ] --START--
INFO: Run Behavior\ReadHtmlCacheBehavior [ RunTime:0.001538s ]
INFO: [ app_begin ] --END-- [ RunTime:0.004102s ]

[ 2017-06-01T20:08:14+08:00 ] 127.0.0.1 /station/index.php/Home/Customer/add_purchaser_member
INFO: [ app_begin ] --START--
INFO: Run Behavior\ReadHtmlCacheBehavior [ RunTime:0.001831s ]
INFO: [ app_begin ] --END-- [ RunTime:0.003137s ]

[ 2017-06-01T20:09:18+08:00 ] 127.0.0.1 /station/index.php/Home/Customer/add_purchaser_member
INFO: [ app_begin ] --START--
INFO: Run Behavior\ReadHtmlCacheBehavior [ RunTime:0.001104s ]
INFO: [ app_begin ] --END-- [ RunTime:0.002379s ]

[ 2017-06-01T20:09:25+08:00 ] 127.0.0.1 /station/index.php/Home/Customer/add_purchaser_member
INFO: [ app_begin ] --START--
INFO: Run Behavior\ReadHtmlCacheBehavior [ RunTime:0.000887s ]
INFO: [ app_begin ] --END-- [ RunTime:0.002062s ]

[ 2017-06-01T20:09:54+08:00 ] 127.0.0.1 /station/index.php/Home/Customer/add_purchaser_member
INFO: [ app_begin ] --START--
INFO: Run Behavior\ReadHtmlCacheBehavior [ RunTime:0.000907s ]
INFO: [ app_begin ] --END-- [ RunTime:0.003157s ]

[ 2017-06-01T20:09:58+08:00 ] 127.0.0.1 /station/index.php/Home/Customer/add_purchaser_member
INFO: [ app_begin ] --START--
INFO: Run Behavior\ReadHtmlCacheBehavior [ RunTime:0.000903s ]
INFO: [ app_begin ] --END-- [ RunTime:0.002046s ]

[ 2017-06-01T20:25:41+08:00 ] 127.0.0.1 /station/index.php/Home/Customer/add_purchaser_member
INFO: [ app_begin ] --START--
INFO: Run Behavior\ReadHtmlCacheBehavior [ RunTime:0.000898s ]
INFO: [ app_begin ] --END-- [ RunTime:0.002203s ]

[ 2017-06-01T20:25:54+08:00 ] 127.0.0.1 /station/index.php/Home/Customer/add_purchaser_member
INFO: [ app_begin ] --START--
INFO: Run Behavior\ReadHtmlCacheBehavior [ RunTime:0.000803s ]
INFO: [ app_begin ] --END-- [ RunTime:0.001926s ]

[ 2017-06-01T20:28:57+08:00 ] 127.0.0.1 /station/index.php/Home/Customer/add_purchaser_member
INFO: [ app_begin ] --START--
INFO: Run Behavior\ReadHtmlCacheBehavior [ RunTime:0.001036s ]
INFO: [ app_begin ] --END-- [ RunTime:0.002529s ]

[ 2017-06-01T20:29:17+08:00 ] 127.0.0.1 /station/index.php/Home/Customer/add_purchaser_member
INFO: [ app_begin ] --START--
INFO: Run Behavior\ReadHtmlCacheBehavior [ RunTime:0.001052s ]
INFO: [ app_begin ] --END-- [ RunTime:0.002204s ]

[ 2017-06-01T20:29:30+08:00 ] 127.0.0.1 /station/index.php/Home/Customer/add_purchaser_member
INFO: [ app_begin ] --START--
INFO: Run Behavior\ReadHtmlCacheBehavior [ RunTime:0.000822s ]
INFO: [ app_begin ] --END-- [ RunTime:0.001916s ]
NOTIC: [8] Undefined variable: CustomerID D:\phpStudy\WWW\station\Application\Home\Controller\CustomerController.class.php 第 55 行.
SQL: SELECT   column_name,   data_type,   column_default,   is_nullable
        FROM    information_schema.tables AS t
        JOIN    information_schema.columns AS c
        ON  t.table_catalog = c.table_catalog
        AND t.table_schema  = c.table_schema
        AND t.table_name    = c.table_name
        WHERE   t.table_name = 'ts_customerpurchasermember' [ RunTime:0.0395s ]
ERR: 515:[Microsoft][SQL Server Native Client 11.0][SQL Server]不能将值 NULL 插入列 'cpm_CustomerID'，表 '1000da.dbo.ts_CustomerPurchaserMember'；列不允许有 Null 值。INSERT 失败。
 [ SQL语句 ] : INSERT INTO [ts_customerpurchasermember] ([cpm_CustomerID],[cpm_PurchaserName],[cpm_CardType],[cpm_Card],[cpm_Tel]) VALUES (NULL,'1','0','1111','111')
ERR: 515:[Microsoft][SQL Server Native Client 11.0][SQL Server]不能将值 NULL 插入列 'cpm_CustomerID'，表 '1000da.dbo.ts_CustomerPurchaserMember'；列不允许有 Null 值。INSERT 失败。
 [ SQL语句 ] : INSERT INTO [ts_customerpurchasermember] ([cpm_CustomerID],[cpm_PurchaserName],[cpm_CardType],[cpm_Card],[cpm_Tel]) VALUES (NULL,'1','0','1111','111')

[ 2017-06-01T20:30:37+08:00 ] 127.0.0.1 /station/home/customer/add_purchaser_member
INFO: [ app_begin ] --START--
INFO: Run Behavior\ReadHtmlCacheBehavior [ RunTime:0.001086s ]
INFO: [ app_begin ] --END-- [ RunTime:0.002356s ]
NOTIC: [8] Undefined variable: CustomerID D:\phpStudy\WWW\station\Application\Home\Controller\CustomerController.class.php 第 55 行.
SQL: SELECT   column_name,   data_type,   column_default,   is_nullable
        FROM    information_schema.tables AS t
        JOIN    information_schema.columns AS c
        ON  t.table_catalog = c.table_catalog
        AND t.table_schema  = c.table_schema
        AND t.table_name    = c.table_name
        WHERE   t.table_name = 'ts_customerpurchasermember' [ RunTime:0.0270s ]
ERR: 515:[Microsoft][SQL Server Native Client 11.0][SQL Server]不能将值 NULL 插入列 'cpm_CustomerID'，表 '1000da.dbo.ts_CustomerPurchaserMember'；列不允许有 Null 值。INSERT 失败。
 [ SQL语句 ] : INSERT INTO [ts_customerpurchasermember] ([cpm_CustomerID],[cpm_PurchaserName],[cpm_CardType],[cpm_Card],[cpm_Tel]) VALUES (NULL,'1','0','1','1')
ERR: 515:[Microsoft][SQL Server Native Client 11.0][SQL Server]不能将值 NULL 插入列 'cpm_CustomerID'，表 '1000da.dbo.ts_CustomerPurchaserMember'；列不允许有 Null 值。INSERT 失败。
 [ SQL语句 ] : INSERT INTO [ts_customerpurchasermember] ([cpm_CustomerID],[cpm_PurchaserName],[cpm_CardType],[cpm_Card],[cpm_Tel]) VALUES (NULL,'1','0','1','1')

[ 2017-06-01T20:31:37+08:00 ] 127.0.0.1 /station/home/customer/add_purchaser_member
INFO: [ app_begin ] --START--
INFO: Run Behavior\ReadHtmlCacheBehavior [ RunTime:0.000774s ]
INFO: [ app_begin ] --END-- [ RunTime:0.001853s ]
NOTIC: [8] Undefined variable: CustomerID D:\phpStudy\WWW\station\Application\Home\Controller\CustomerController.class.php 第 55 行.
SQL: SELECT   column_name,   data_type,   column_default,   is_nullable
        FROM    information_schema.tables AS t
        JOIN    information_schema.columns AS c
        ON  t.table_catalog = c.table_catalog
        AND t.table_schema  = c.table_schema
        AND t.table_name    = c.table_name
        WHERE   t.table_name = 'ts_customerpurchasermember' [ RunTime:0.0254s ]
ERR: 515:[Microsoft][SQL Server Native Client 11.0][SQL Server]不能将值 NULL 插入列 'cpm_CustomerID'，表 '1000da.dbo.ts_CustomerPurchaserMember'；列不允许有 Null 值。INSERT 失败。
 [ SQL语句 ] : INSERT INTO [ts_customerpurchasermember] ([cpm_CustomerID],[cpm_PurchaserName],[cpm_CardType],[cpm_Card],[cpm_Tel]) VALUES (NULL,'1','0','1','1')
ERR: 515:[Microsoft][SQL Server Native Client 11.0][SQL Server]不能将值 NULL 插入列 'cpm_CustomerID'，表 '1000da.dbo.ts_CustomerPurchaserMember'；列不允许有 Null 值。INSERT 失败。
 [ SQL语句 ] : INSERT INTO [ts_customerpurchasermember] ([cpm_CustomerID],[cpm_PurchaserName],[cpm_CardType],[cpm_Card],[cpm_Tel]) VALUES (NULL,'1','0','1','1')

[ 2017-06-01T20:31:39+08:00 ] 127.0.0.1 /station/home/customer/add_purchaser_member
INFO: [ app_begin ] --START--
INFO: Run Behavior\ReadHtmlCacheBehavior [ RunTime:0.000812s ]
INFO: [ app_begin ] --END-- [ RunTime:0.001933s ]
NOTIC: [8] Undefined variable: CustomerID D:\phpStudy\WWW\station\Application\Home\Controller\CustomerController.class.php 第 55 行.
SQL: SELECT   column_name,   data_type,   column_default,   is_nullable
        FROM    information_schema.tables AS t
        JOIN    information_schema.columns AS c
        ON  t.table_catalog = c.table_catalog
        AND t.table_schema  = c.table_schema
        AND t.table_name    = c.table_name
        WHERE   t.table_name = 'ts_customerpurchasermember' [ RunTime:0.0008s ]
ERR: 515:[Microsoft][SQL Server Native Client 11.0][SQL Server]不能将值 NULL 插入列 'cpm_CustomerID'，表 '1000da.dbo.ts_CustomerPurchaserMember'；列不允许有 Null 值。INSERT 失败。
 [ SQL语句 ] : INSERT INTO [ts_customerpurchasermember] ([cpm_CustomerID],[cpm_PurchaserName],[cpm_CardType],[cpm_Card],[cpm_Tel]) VALUES (NULL,'1','0','1','1')
ERR: 515:[Microsoft][SQL Server Native Client 11.0][SQL Server]不能将值 NULL 插入列 'cpm_CustomerID'，表 '1000da.dbo.ts_CustomerPurchaserMember'；列不允许有 Null 值。INSERT 失败。
 [ SQL语句 ] : INSERT INTO [ts_customerpurchasermember] ([cpm_CustomerID],[cpm_PurchaserName],[cpm_CardType],[cpm_Card],[cpm_Tel]) VALUES (NULL,'1','0','1','1')

[ 2017-06-01T20:31:40+08:00 ] 127.0.0.1 /station/home/customer/add_purchaser_member
INFO: [ app_begin ] --START--
INFO: Run Behavior\ReadHtmlCacheBehavior [ RunTime:0.000787s ]
INFO: [ app_begin ] --END-- [ RunTime:0.001845s ]
NOTIC: [8] Undefined variable: CustomerID D:\phpStudy\WWW\station\Application\Home\Controller\CustomerController.class.php 第 55 行.
SQL: SELECT   column_name,   data_type,   column_default,   is_nullable
        FROM    information_schema.tables AS t
        JOIN    information_schema.columns AS c
        ON  t.table_catalog = c.table_catalog
        AND t.table_schema  = c.table_schema
        AND t.table_name    = c.table_name
        WHERE   t.table_name = 'ts_customerpurchasermember' [ RunTime:0.0008s ]
ERR: 515:[Microsoft][SQL Server Native Client 11.0][SQL Server]不能将值 NULL 插入列 'cpm_CustomerID'，表 '1000da.dbo.ts_CustomerPurchaserMember'；列不允许有 Null 值。INSERT 失败。
 [ SQL语句 ] : INSERT INTO [ts_customerpurchasermember] ([cpm_CustomerID],[cpm_PurchaserName],[cpm_CardType],[cpm_Card],[cpm_Tel]) VALUES (NULL,'1','0','1','1')
ERR: 515:[Microsoft][SQL Server Native Client 11.0][SQL Server]不能将值 NULL 插入列 'cpm_CustomerID'，表 '1000da.dbo.ts_CustomerPurchaserMember'；列不允许有 Null 值。INSERT 失败。
 [ SQL语句 ] : INSERT INTO [ts_customerpurchasermember] ([cpm_CustomerID],[cpm_PurchaserName],[cpm_CardType],[cpm_Card],[cpm_Tel]) VALUES (NULL,'1','0','1','1')

[ 2017-06-01T20:31:40+08:00 ] 127.0.0.1 /station/home/customer/add_purchaser_member
INFO: [ app_begin ] --START--
INFO: Run Behavior\ReadHtmlCacheBehavior [ RunTime:0.000765s ]
INFO: [ app_begin ] --END-- [ RunTime:0.001884s ]
NOTIC: [8] Undefined variable: CustomerID D:\phpStudy\WWW\station\Application\Home\Controller\CustomerController.class.php 第 55 行.
SQL: SELECT   column_name,   data_type,   column_default,   is_nullable
        FROM    information_schema.tables AS t
        JOIN    information_schema.columns AS c
        ON  t.table_catalog = c.table_catalog
        AND t.table_schema  = c.table_schema
        AND t.table_name    = c.table_name
        WHERE   t.table_name = 'ts_customerpurchasermember' [ RunTime:0.0011s ]
ERR: 515:[Microsoft][SQL Server Native Client 11.0][SQL Server]不能将值 NULL 插入列 'cpm_CustomerID'，表 '1000da.dbo.ts_CustomerPurchaserMember'；列不允许有 Null 值。INSERT 失败。
 [ SQL语句 ] : INSERT INTO [ts_customerpurchasermember] ([cpm_CustomerID],[cpm_PurchaserName],[cpm_CardType],[cpm_Card],[cpm_Tel]) VALUES (NULL,'1','0','1','1')
ERR: 515:[Microsoft][SQL Server Native Client 11.0][SQL Server]不能将值 NULL 插入列 'cpm_CustomerID'，表 '1000da.dbo.ts_CustomerPurchaserMember'；列不允许有 Null 值。INSERT 失败。
 [ SQL语句 ] : INSERT INTO [ts_customerpurchasermember] ([cpm_CustomerID],[cpm_PurchaserName],[cpm_CardType],[cpm_Card],[cpm_Tel]) VALUES (NULL,'1','0','1','1')

[ 2017-06-01T20:31:40+08:00 ] 127.0.0.1 /station/home/customer/add_purchaser_member
INFO: [ app_begin ] --START--
INFO: Run Behavior\ReadHtmlCacheBehavior [ RunTime:0.000808s ]
INFO: [ app_begin ] --END-- [ RunTime:0.001880s ]
NOTIC: [8] Undefined variable: CustomerID D:\phpStudy\WWW\station\Application\Home\Controller\CustomerController.class.php 第 55 行.
SQL: SELECT   column_name,   data_type,   column_default,   is_nullable
        FROM    information_schema.tables AS t
        JOIN    information_schema.columns AS c
        ON  t.table_catalog = c.table_catalog
        AND t.table_schema  = c.table_schema
        AND t.table_name    = c.table_name
        WHERE   t.table_name = 'ts_customerpurchasermember' [ RunTime:0.0008s ]
ERR: 515:[Microsoft][SQL Server Native Client 11.0][SQL Server]不能将值 NULL 插入列 'cpm_CustomerID'，表 '1000da.dbo.ts_CustomerPurchaserMember'；列不允许有 Null 值。INSERT 失败。
 [ SQL语句 ] : INSERT INTO [ts_customerpurchasermember] ([cpm_CustomerID],[cpm_PurchaserName],[cpm_CardType],[cpm_Card],[cpm_Tel]) VALUES (NULL,'1','0','1','1')
ERR: 515:[Microsoft][SQL Server Native Client 11.0][SQL Server]不能将值 NULL 插入列 'cpm_CustomerID'，表 '1000da.dbo.ts_CustomerPurchaserMember'；列不允许有 Null 值。INSERT 失败。
 [ SQL语句 ] : INSERT INTO [ts_customerpurchasermember] ([cpm_CustomerID],[cpm_PurchaserName],[cpm_CardType],[cpm_Card],[cpm_Tel]) VALUES (NULL,'1','0','1','1')

[ 2017-06-01T20:32:38+08:00 ] 127.0.0.1 /station/home/customer/add_purchaser_member
INFO: [ app_begin ] --START--
INFO: Run Behavior\ReadHtmlCacheBehavior [ RunTime:0.001021s ]
INFO: [ app_begin ] --END-- [ RunTime:0.002225s ]
NOTIC: [8] Undefined variable: CustomerID D:\phpStudy\WWW\station\Application\Home\Controller\CustomerController.class.php 第 55 行.
SQL: SELECT   column_name,   data_type,   column_default,   is_nullable
        FROM    information_schema.tables AS t
        JOIN    information_schema.columns AS c
        ON  t.table_catalog = c.table_catalog
        AND t.table_schema  = c.table_schema
        AND t.table_name    = c.table_name
        WHERE   t.table_name = 'ts_customerpurchasermember' [ RunTime:0.0277s ]
ERR: 515:[Microsoft][SQL Server Native Client 11.0][SQL Server]不能将值 NULL 插入列 'cpm_CustomerID'，表 '1000da.dbo.ts_CustomerPurchaserMember'；列不允许有 Null 值。INSERT 失败。
 [ SQL语句 ] : INSERT INTO [ts_customerpurchasermember] ([cpm_CustomerID],[cpm_PurchaserName],[cpm_CardType],[cpm_Card],[cpm_Tel]) VALUES (NULL,'1','0','1','1')
ERR: 515:[Microsoft][SQL Server Native Client 11.0][SQL Server]不能将值 NULL 插入列 'cpm_CustomerID'，表 '1000da.dbo.ts_CustomerPurchaserMember'；列不允许有 Null 值。INSERT 失败。
 [ SQL语句 ] : INSERT INTO [ts_customerpurchasermember] ([cpm_CustomerID],[cpm_PurchaserName],[cpm_CardType],[cpm_Card],[cpm_Tel]) VALUES (NULL,'1','0','1','1')

[ 2017-06-01T20:33:58+08:00 ] 127.0.0.1 /station/home/customer/add_purchaser_member
INFO: [ app_begin ] --START--
INFO: Run Behavior\ReadHtmlCacheBehavior [ RunTime:0.000985s ]
INFO: [ app_begin ] --END-- [ RunTime:0.002171s ]

[ 2017-06-01T20:34:00+08:00 ] 127.0.0.1 /station/home/customer/add_purchaser_member
INFO: [ app_begin ] --START--
INFO: Run Behavior\ReadHtmlCacheBehavior [ RunTime:0.000942s ]
INFO: [ app_begin ] --END-- [ RunTime:0.002433s ]

[ 2017-06-01T20:34:07+08:00 ] 127.0.0.1 /station/home/customer/add_purchaser_member
INFO: [ app_begin ] --START--
INFO: Run Behavior\ReadHtmlCacheBehavior [ RunTime:0.001414s ]
INFO: [ app_begin ] --END-- [ RunTime:0.002749s ]

[ 2017-06-01T20:34:30+08:00 ] 127.0.0.1 /station/home/customer/add_purchaser_member
INFO: [ app_begin ] --START--
INFO: Run Behavior\ReadHtmlCacheBehavior [ RunTime:0.001631s ]
INFO: [ app_begin ] --END-- [ RunTime:0.002913s ]
NOTIC: [8] Undefined variable: CustomerID D:\phpStudy\WWW\station\Application\Home\Controller\CustomerController.class.php 第 55 行.
SQL: SELECT   column_name,   data_type,   column_default,   is_nullable
        FROM    information_schema.tables AS t
        JOIN    information_schema.columns AS c
        ON  t.table_catalog = c.table_catalog
        AND t.table_schema  = c.table_schema
        AND t.table_name    = c.table_name
        WHERE   t.table_name = 'ts_customerpurchasermember' [ RunTime:0.0283s ]
ERR: 515:[Microsoft][SQL Server Native Client 11.0][SQL Server]不能将值 NULL 插入列 'cpm_CustomerID'，表 '1000da.dbo.ts_CustomerPurchaserMember'；列不允许有 Null 值。INSERT 失败。
 [ SQL语句 ] : INSERT INTO [ts_customerpurchasermember] ([cpm_CustomerID],[cpm_PurchaserName],[cpm_CardType],[cpm_Card],[cpm_Tel]) VALUES (NULL,'111','0','1111','1111')
ERR: 515:[Microsoft][SQL Server Native Client 11.0][SQL Server]不能将值 NULL 插入列 'cpm_CustomerID'，表 '1000da.dbo.ts_CustomerPurchaserMember'；列不允许有 Null 值。INSERT 失败。
 [ SQL语句 ] : INSERT INTO [ts_customerpurchasermember] ([cpm_CustomerID],[cpm_PurchaserName],[cpm_CardType],[cpm_Card],[cpm_Tel]) VALUES (NULL,'111','0','1111','1111')

[ 2017-06-01T20:34:56+08:00 ] 127.0.0.1 /station/home/customer/add_purchaser_member
INFO: [ app_begin ] --START--
INFO: Run Behavior\ReadHtmlCacheBehavior [ RunTime:0.000813s ]
INFO: [ app_begin ] --END-- [ RunTime:0.001899s ]

[ 2017-06-01T20:35:17+08:00 ] 127.0.0.1 /station/home/customer/add_purchaser_member
INFO: [ app_begin ] --START--
INFO: Run Behavior\ReadHtmlCacheBehavior [ RunTime:0.001209s ]
INFO: [ app_begin ] --END-- [ RunTime:0.002394s ]
SQL: SELECT   column_name,   data_type,   column_default,   is_nullable
        FROM    information_schema.tables AS t
        JOIN    information_schema.columns AS c
        ON  t.table_catalog = c.table_catalog
        AND t.table_schema  = c.table_schema
        AND t.table_name    = c.table_name
        WHERE   t.table_name = 'ts_customerpurchasermember' [ RunTime:0.0272s ]
SQL: INSERT INTO [ts_customerpurchasermember] ([cpm_CustomerID],[cpm_PurchaserName],[cpm_CardType],[cpm_Card],[cpm_Tel]) VALUES ('111','111','0','11111111','11') [ RunTime:0.0465s ]

[ 2017-06-01T20:35:26+08:00 ] 127.0.0.1 /station/home/customer/add_purchaser_member
INFO: [ app_begin ] --START--
INFO: Run Behavior\ReadHtmlCacheBehavior [ RunTime:0.000817s ]
INFO: [ app_begin ] --END-- [ RunTime:0.001943s ]
SQL: SELECT   column_name,   data_type,   column_default,   is_nullable
        FROM    information_schema.tables AS t
        JOIN    information_schema.columns AS c
        ON  t.table_catalog = c.table_catalog
        AND t.table_schema  = c.table_schema
        AND t.table_name    = c.table_name
        WHERE   t.table_name = 'ts_customerpurchasermember' [ RunTime:0.0009s ]
SQL: INSERT INTO [ts_customerpurchasermember] ([cpm_CustomerID],[cpm_PurchaserName],[cpm_CardType],[cpm_Card],[cpm_Tel]) VALUES ('111','555','0','555','555') [ RunTime:0.0204s ]

[ 2017-06-01T20:38:19+08:00 ] 127.0.0.1 /station/home/customer/add_purchaser_member
INFO: [ app_begin ] --START--
INFO: Run Behavior\ReadHtmlCacheBehavior [ RunTime:0.000795s ]
INFO: [ app_begin ] --END-- [ RunTime:0.001859s ]
SQL: SELECT   column_name,   data_type,   column_default,   is_nullable
        FROM    information_schema.tables AS t
        JOIN    information_schema.columns AS c
        ON  t.table_catalog = c.table_catalog
        AND t.table_schema  = c.table_schema
        AND t.table_name    = c.table_name
        WHERE   t.table_name = 'ts_customerpurchasermember' [ RunTime:0.0009s ]
SQL: INSERT INTO [ts_customerpurchasermember] ([cpm_PurchaserName],[cmp_Date]) VALUES ('111','111') [ RunTime:0.0203s ]

[ 2017-06-01T20:38:22+08:00 ] 127.0.0.1 /station/home/customer/add_purchaser_member
INFO: [ app_begin ] --START--
INFO: Run Behavior\ReadHtmlCacheBehavior [ RunTime:0.000802s ]
INFO: [ app_begin ] --END-- [ RunTime:0.001871s ]
SQL: SELECT   column_name,   data_type,   column_default,   is_nullable
        FROM    information_schema.tables AS t
        JOIN    information_schema.columns AS c
        ON  t.table_catalog = c.table_catalog
        AND t.table_schema  = c.table_schema
        AND t.table_name    = c.table_name
        WHERE   t.table_name = 'ts_customerpurchasermember' [ RunTime:0.0301s ]
SQL: INSERT INTO [ts_customerpurchasermember] ([cpm_PurchaserName],[cmp_Date]) VALUES ('111','111') [ RunTime:0.0022s ]

[ 2017-06-01T20:40:00+08:00 ] 127.0.0.1 /station/home/customer/add_purchaser_member
INFO: [ app_begin ] --START--
INFO: Run Behavior\ReadHtmlCacheBehavior [ RunTime:0.000929s ]
INFO: [ app_begin ] --END-- [ RunTime:0.002632s ]
SQL: SELECT   column_name,   data_type,   column_default,   is_nullable
        FROM    information_schema.tables AS t
        JOIN    information_schema.columns AS c
        ON  t.table_catalog = c.table_catalog
        AND t.table_schema  = c.table_schema
        AND t.table_name    = c.table_name
        WHERE   t.table_name = 'ts_customerpurchasermember' [ RunTime:0.0011s ]
SQL: INSERT INTO [ts_customerpurchasermember] ([cpm_CustomerID],[cpm_PurchaserName],[cpm_CardType],[cpm_Card],[cpm_Tel]) VALUES ('111','444','0','4444','444') [ RunTime:0.0169s ]

[ 2017-06-01T20:40:07+08:00 ] 127.0.0.1 /station/home/customer/add_purchaser_member
INFO: [ app_begin ] --START--
INFO: Run Behavior\ReadHtmlCacheBehavior [ RunTime:0.000774s ]
INFO: [ app_begin ] --END-- [ RunTime:0.001900s ]
SQL: SELECT   column_name,   data_type,   column_default,   is_nullable
        FROM    information_schema.tables AS t
        JOIN    information_schema.columns AS c
        ON  t.table_catalog = c.table_catalog
        AND t.table_schema  = c.table_schema
        AND t.table_name    = c.table_name
        WHERE   t.table_name = 'ts_customerpurchasermember' [ RunTime:0.0009s ]
SQL: INSERT INTO [ts_customerpurchasermember] ([cpm_PurchaserName],[cmp_Date]) VALUES ('5555','5555') [ RunTime:0.0021s ]

